{
  "stats": {
    "suites": 1,
    "tests": 1,
    "passes": 1,
    "pending": 0,
    "failures": 0,
    "start": "2022-04-27T10:59:33.956Z",
    "end": "2022-04-27T10:59:52.422Z",
    "duration": 18466,
    "testsRegistered": 1,
    "passPercent": 100,
    "pendingPercent": 0,
    "other": 0,
    "hasOther": false,
    "skipped": 0,
    "hasSkipped": false
  },
  "results": [
    {
      "uuid": "4133a74f-2db7-4541-8f38-ca7724e65820",
      "title": "",
      "fullFile": "cypress/integration/delta_demo/delta_vacations.js",
      "file": "cypress/integration/delta_demo/delta_vacations.js",
      "beforeHooks": [],
      "afterHooks": [],
      "tests": [],
      "suites": [
        {
          "uuid": "39809de8-b29e-47a0-aa98-6230e226a0e2",
          "title": "Delta Vacations",
          "fullFile": "",
          "file": "",
          "beforeHooks": [],
          "afterHooks": [],
          "tests": [
            {
              "title": "Delta_Vacations",
              "fullTitle": "Delta Vacations Delta_Vacations",
              "timedOut": null,
              "duration": 15282,
              "state": "passed",
              "speed": "slow",
              "pass": true,
              "fail": false,
              "pending": false,
              "context": null,
              "code": "cy.visit('https://www.delta.com/us/en/delta-vacations');",
              "err": {},
              "uuid": "49c9359d-f66f-4257-9a75-8be6c15c5ee0",
              "parentUUID": "39809de8-b29e-47a0-aa98-6230e226a0e2",
              "isHook": false,
              "skipped": false
            }
          ],
          "suites": [],
          "passes": [
            "49c9359d-f66f-4257-9a75-8be6c15c5ee0"
          ],
          "failures": [],
          "pending": [],
          "skipped": [],
          "duration": 15282,
          "root": false,
          "rootEmpty": false,
          "_timeout": 2000
        }
      ],
      "passes": [],
      "failures": [],
      "pending": [],
      "skipped": [],
      "duration": 0,
      "root": true,
      "rootEmpty": true,
      "_timeout": 2000
    }
  ],
  "meta": {
    "mocha": {
      "version": "7.0.1"
    },
    "mochawesome": {
      "options": {
        "quiet": false,
        "reportFilename": "report",
        "saveHtml": true,
        "saveJson": true,
        "consoleReporter": "spec",
        "useInlineDiffs": false,
        "code": true
      },
      "version": "7.1.3"
    },
    "marge": {
      "options": {
        "reportDir": "cypress/reports",
        "reportFilename": "report",
        "overwrite": false,
        "html": true,
        "json": true,
        "charts": true
      },
      "version": "6.2.0"
    }
  }
}