{
  "stats": {
    "suites": 1,
    "tests": 1,
    "passes": 1,
    "pending": 0,
    "failures": 0,
    "start": "2022-04-27T11:00:25.274Z",
    "end": "2022-04-27T11:00:42.262Z",
    "duration": 16988,
    "testsRegistered": 1,
    "passPercent": 100,
    "pendingPercent": 0,
    "other": 0,
    "hasOther": false,
    "skipped": 0,
    "hasSkipped": false
  },
  "results": [
    {
      "uuid": "97a8e917-90b5-4842-b8dc-c60cd4e5dc28",
      "title": "",
      "fullFile": "cypress/integration/delta_demo/image.js",
      "file": "cypress/integration/delta_demo/image.js",
      "beforeHooks": [],
      "afterHooks": [],
      "tests": [],
      "suites": [
        {
          "uuid": "1468eefb-dbac-4e47-bbe5-b5e497f13b28",
          "title": "Image Validation",
          "fullFile": "",
          "file": "",
          "beforeHooks": [],
          "afterHooks": [],
          "tests": [
            {
              "title": "Images ",
              "fullTitle": "Image Validation Images ",
              "timedOut": null,
              "duration": 13844,
              "state": "passed",
              "speed": "slow",
              "pass": true,
              "fail": false,
              "pending": false,
              "context": null,
              "code": "cy.visit('https://www.google.com/');\ncy.get('input[title= \"Search\"]').type('images of love{enter}');\ncy.ImageValidation('div.uhHOwf');",
              "err": {},
              "uuid": "21fb433d-846d-493e-a108-79d38442970e",
              "parentUUID": "1468eefb-dbac-4e47-bbe5-b5e497f13b28",
              "isHook": false,
              "skipped": false
            }
          ],
          "suites": [],
          "passes": [
            "21fb433d-846d-493e-a108-79d38442970e"
          ],
          "failures": [],
          "pending": [],
          "skipped": [],
          "duration": 13844,
          "root": false,
          "rootEmpty": false,
          "_timeout": 2000
        }
      ],
      "passes": [],
      "failures": [],
      "pending": [],
      "skipped": [],
      "duration": 0,
      "root": true,
      "rootEmpty": true,
      "_timeout": 2000
    }
  ],
  "meta": {
    "mocha": {
      "version": "7.0.1"
    },
    "mochawesome": {
      "options": {
        "quiet": false,
        "reportFilename": "report",
        "saveHtml": true,
        "saveJson": true,
        "consoleReporter": "spec",
        "useInlineDiffs": false,
        "code": true
      },
      "version": "7.1.3"
    },
    "marge": {
      "options": {
        "reportDir": "cypress/reports",
        "reportFilename": "report",
        "overwrite": false,
        "html": true,
        "json": true,
        "charts": true
      },
      "version": "6.2.0"
    }
  }
}